<?xml version="1.0" encoding="UTF-8"?>
<testng-results skipped="0" failed="0" ignored="0" total="1" passed="1">
  <reporter-output>
  </reporter-output>
  <suite name="Default suite" duration-ms="4019" started-at="2022-02-23T19:47:45 EST" finished-at="2022-02-23T19:47:49 EST">
    <groups>
    </groups>
    <test name="Default test" duration-ms="4019" started-at="2022-02-23T19:47:45 EST" finished-at="2022-02-23T19:47:49 EST">
      <class name="cognizant_gitlab.GitlabTest">
        <test-method status="PASS" signature="openBrowser()[pri:0, instance:cognizant_gitlab.GitlabTest@262b2c86]" name="openBrowser" is-config="true" duration-ms="1224" started-at="2022-02-23T19:47:45 EST" finished-at="2022-02-23T19:47:46 EST">
          <reporter-output>
          </reporter-output>
        </test-method> <!-- openBrowser -->
        <test-method status="PASS" signature="googleSearch()[pri:0, instance:cognizant_gitlab.GitlabTest@262b2c86]" name="googleSearch" duration-ms="2676" started-at="2022-02-23T19:47:46 EST" finished-at="2022-02-23T19:47:49 EST">
          <reporter-output>
          </reporter-output>
        </test-method> <!-- googleSearch -->
        <test-method status="PASS" signature="tearDown()[pri:0, instance:cognizant_gitlab.GitlabTest@262b2c86]" name="tearDown" is-config="true" duration-ms="94" started-at="2022-02-23T19:47:49 EST" finished-at="2022-02-23T19:47:49 EST">
          <reporter-output>
          </reporter-output>
        </test-method> <!-- tearDown -->
      </class> <!-- cognizant_gitlab.GitlabTest -->
    </test> <!-- Default test -->
  </suite> <!-- Default suite -->
</testng-results>
